Base path: 'C:/Program Files/Unity/Hub/Editor/2019.3.6f1/Editor/Data', plugins path 'C:/Program Files/Unity/Hub/Editor/2019.3.6f1/Editor/Data/PlaybackEngines'
Cmd: initializeCompiler
Cmd: compileSnippet
  api=4 type=0 insize=8747 outsize=802 kw=ETC1_EXTERNAL_ALPHA pd=UNITY_ENABLE_REFLECTION_BUFFERS UNITY_USE_DITHER_MASK_FOR_ALPHABLENDED_SHADOWS UNITY_PBS_USE_BRDF1 UNITY_SPECCUBE_BOX_PROJECTION UNITY_SPECCUBE_BLENDING UNITY_ENABLE_DETAIL_NORMALMAP SHADER_API_DESKTOP UNITY_COLORSPACE_GAMMA UNITY_LIGHT_PROBE_PROXY_VOLUME UNITY_LIGHTMAP_FULL_HDR ok=1
Cmd: compileSnippet
  api=4 type=1 insize=8747 outsize=486 kw=ETC1_EXTERNAL_ALPHA pd=UNITY_ENABLE_REFLECTION_BUFFERS UNITY_USE_DITHER_MASK_FOR_ALPHABLENDED_SHADOWS UNITY_PBS_USE_BRDF1 UNITY_SPECCUBE_BOX_PROJECTION UNITY_SPECCUBE_BLENDING UNITY_ENABLE_DETAIL_NORMALMAP SHADER_API_DESKTOP UNITY_COLORSPACE_GAMMA UNITY_LIGHT_PROBE_PROXY_VOLUME UNITY_LIGHTMAP_FULL_HDR ok=1
Cmd: preprocess
  insize=811 outsize=209 ok=1
Cmd: preprocess
  insize=811 outsize=209 ok=1
Cmd: preprocess
  insize=811 outsize=209 ok=1
Cmd: preprocess
  insize=811 outsize=209 ok=1
Cmd: preprocess
  insize=811 outsize=209 ok=1
Cmd: preprocess
  insize=9520 outsize=897 ok=1
Cmd: preprocess
  insize=3801 outsize=406 ok=1
Cmd: preprocess
  insize=4097 outsize=399 ok=1
Cmd: preprocess
  insize=811 outsize=209 ok=1
Cmd: preprocess
  insize=9284 outsize=776 ok=1
Cmd: preprocess
  insize=10606 outsize=897 ok=1
Cmd: preprocess
  insize=10364 outsize=904 ok=1
Cmd: preprocess
  insize=811 outsize=209 ok=1
Cmd: preprocess
  insize=811 outsize=209 ok=1
Cmd: preprocess
  insize=811 outsize=209 ok=1
Cmd: preprocess
  insize=811 outsize=209 ok=1
Cmd: preprocess
  insize=3881 outsize=394 ok=1
Cmd: preprocess
  insize=4146 outsize=389 ok=1
Cmd: preprocess
  insize=10647 outsize=887 ok=1
Cmd: preprocess
  insize=4355 outsize=502 ok=1
Cmd: preprocess
  insize=10886 outsize=1000 ok=1
Cmd: preprocess
  insize=4122 outsize=513 ok=1
Cmd: preprocess
  insize=4384 outsize=505 ok=1
Cmd: preprocess
  insize=10915 outsize=1004 ok=1
Cmd: preprocess
  insize=811 outsize=209 ok=1
Cmd: preprocess
  insize=4420 outsize=506 ok=1
Cmd: preprocess
  insize=10937 outsize=1004 ok=1
Cmd: preprocess
  insize=811 outsize=209 ok=1
Cmd: preprocess
  insize=3793 outsize=398 ok=1
Cmd: preprocess
  insize=4091 outsize=391 ok=1
Cmd: preprocess
  insize=10600 outsize=889 ok=1
Cmd: preprocess
  insize=10359 outsize=896 ok=1
Cmd: compileSnippet
  api=4 type=0 insize=9796 outsize=802 kw= pd=UNITY_ENABLE_REFLECTION_BUFFERS UNITY_USE_DITHER_MASK_FOR_ALPHABLENDED_SHADOWS UNITY_PBS_USE_BRDF1 UNITY_SPECCUBE_BOX_PROJECTION UNITY_SPECCUBE_BLENDING UNITY_ENABLE_DETAIL_NORMALMAP SHADER_API_DESKTOP UNITY_COLORSPACE_GAMMA UNITY_LIGHT_PROBE_PROXY_VOLUME UNITY_LIGHTMAP_FULL_HDR ok=1
Cmd: compileSnippet
  api=4 type=1 insize=9796 outsize=474 kw= pd=UNITY_ENABLE_REFLECTION_BUFFERS UNITY_USE_DITHER_MASK_FOR_ALPHABLENDED_SHADOWS UNITY_PBS_USE_BRDF1 UNITY_SPECCUBE_BOX_PROJECTION UNITY_SPECCUBE_BLENDING UNITY_ENABLE_DETAIL_NORMALMAP SHADER_API_DESKTOP UNITY_COLORSPACE_GAMMA UNITY_LIGHT_PROBE_PROXY_VOLUME UNITY_LIGHTMAP_FULL_HDR ok=1
Cmd: compileSnippet
  api=4 type=0 insize=9794 outsize=802 kw= pd=UNITY_ENABLE_REFLECTION_BUFFERS UNITY_USE_DITHER_MASK_FOR_ALPHABLENDED_SHADOWS UNITY_PBS_USE_BRDF1 UNITY_SPECCUBE_BOX_PROJECTION UNITY_SPECCUBE_BLENDING UNITY_ENABLE_DETAIL_NORMALMAP SHADER_API_DESKTOP UNITY_COLORSPACE_GAMMA UNITY_LIGHT_PROBE_PROXY_VOLUME UNITY_LIGHTMAP_FULL_HDR ok=1
Cmd: compileSnippet
  api=4 type=1 insize=9794 outsize=474 kw= pd=UNITY_ENABLE_REFLECTION_BUFFERS UNITY_USE_DITHER_MASK_FOR_ALPHABLENDED_SHADOWS UNITY_PBS_USE_BRDF1 UNITY_SPECCUBE_BOX_PROJECTION UNITY_SPECCUBE_BLENDING UNITY_ENABLE_DETAIL_NORMALMAP SHADER_API_DESKTOP UNITY_COLORSPACE_GAMMA UNITY_LIGHT_PROBE_PROXY_VOLUME UNITY_LIGHTMAP_FULL_HDR ok=1
Cmd: preprocess
  insize=811 outsize=209 ok=1
Cmd: preprocess
  insize=811 outsize=209 ok=1
Cmd: preprocess
  insize=811 outsize=209 ok=1
Cmd: preprocess
  insize=811 outsize=209 ok=1
Cmd: preprocess
  insize=811 outsize=209 ok=1
Cmd: preprocess
  insize=811 outsize=209 ok=1
Cmd: preprocess
  insize=811 outsize=209 ok=1
Cmd: preprocess
  insize=811 outsize=209 ok=1
Cmd: preprocess
  insize=811 outsize=209 ok=1
Cmd: preprocess
  insize=811 outsize=209 ok=1
Cmd: preprocess
  insize=36182 outsize=1987 ok=1
Cmd: preprocess
  insize=3945 outsize=535 ok=1
Cmd: preprocess
  insize=3947 outsize=536 ok=1
Cmd: preprocess
  insize=4241 outsize=528 ok=1
Cmd: preprocess
  insize=5243 outsize=523 ok=1
Cmd: preprocess
  insize=4459 outsize=529 ok=1
Cmd: preprocess
  insize=811 outsize=209 ok=1
Cmd: preprocess
  insize=811 outsize=209 ok=1
Cmd: preprocess
  insize=811 outsize=209 ok=1
Cmd: preprocess
  insize=811 outsize=209 ok=1
Cmd: preprocess
  insize=811 outsize=209 ok=1
Cmd: preprocess
  insize=10606 outsize=897 ok=1
Cmd: preprocess
  insize=3801 outsize=406 ok=1
Cmd: preprocess
  insize=4097 outsize=399 ok=1
Cmd: preprocess
  insize=10364 outsize=904 ok=1
Cmd: preprocess
  insize=27746 outsize=1744 ok=1
Cmd: preprocess
  insize=811 outsize=209 ok=1
Cmd: preprocess
  insize=28656 outsize=1736 ok=1
Cmd: preprocess
  insize=811 outsize=209 ok=1
Cmd: preprocess
  insize=811 outsize=209 ok=1
Cmd: preprocess
  insize=811 outsize=209 ok=1
Cmd: preprocess
  insize=811 outsize=209 ok=1
Cmd: preprocess
  insize=811 outsize=209 ok=1
Cmd: preprocess
  insize=10606 outsize=897 ok=1
Cmd: preprocess
  insize=3801 outsize=406 ok=1
Cmd: preprocess
  insize=4097 outsize=399 ok=1
Cmd: preprocess
  insize=811 outsize=209 ok=1
Cmd: preprocess
  insize=811 outsize=209 ok=1
Cmd: preprocess
  insize=811 outsize=209 ok=1
Cmd: preprocess
  insize=811 outsize=209 ok=1
Cmd: preprocess
  insize=3881 outsize=394 ok=1
Cmd: preprocess
  insize=4146 outsize=389 ok=1
Cmd: preprocess
  insize=32863 outsize=1846 ok=1
Cmd: preprocess
  insize=32693 outsize=1846 ok=1
Cmd: preprocess
  insize=32863 outsize=1846 ok=1
Cmd: preprocess
  insize=4355 outsize=502 ok=1
Cmd: preprocess
  insize=33354 outsize=1960 ok=1
Cmd: preprocess
  insize=4122 outsize=513 ok=1
Cmd: preprocess
  insize=4384 outsize=506 ok=1
Cmd: preprocess
  insize=33433 outsize=1964 ok=1
Cmd: preprocess
  insize=811 outsize=209 ok=1
Cmd: preprocess
  insize=3793 outsize=398 ok=1
Cmd: preprocess
  insize=4055 outsize=391 ok=1
Cmd: preprocess
  insize=32652 outsize=1848 ok=1
Cmd: preprocess
  insize=811 outsize=209 ok=1
Cmd: preprocess
  insize=4091 outsize=391 ok=1
Cmd: preprocess
  insize=32718 outsize=1848 ok=1
Cmd: preprocess
  insize=31679 outsize=1857 ok=1
Cmd: preprocess
  insize=31679 outsize=1857 ok=1
Cmd: compileSnippet
  api=4 type=0 insize=10545 outsize=978 kw=USE_SHAPE_LIGHT_TYPE_0 pd=UNITY_ENABLE_REFLECTION_BUFFERS UNITY_USE_DITHER_MASK_FOR_ALPHABLENDED_SHADOWS UNITY_PBS_USE_BRDF1 UNITY_SPECCUBE_BOX_PROJECTION UNITY_SPECCUBE_BLENDING UNITY_ENABLE_DETAIL_NORMALMAP SHADER_API_DESKTOP UNITY_COLORSPACE_GAMMA UNITY_LIGHT_PROBE_PROXY_VOLUME UNITY_LIGHTMAP_FULL_HDR ok=1
Cmd: compileSnippet
  api=4 type=1 insize=10545 outsize=1082 kw=USE_SHAPE_LIGHT_TYPE_0 pd=UNITY_ENABLE_REFLECTION_BUFFERS UNITY_USE_DITHER_MASK_FOR_ALPHABLENDED_SHADOWS UNITY_PBS_USE_BRDF1 UNITY_SPECCUBE_BOX_PROJECTION UNITY_SPECCUBE_BLENDING UNITY_ENABLE_DETAIL_NORMALMAP SHADER_API_DESKTOP UNITY_COLORSPACE_GAMMA UNITY_LIGHT_PROBE_PROXY_VOLUME UNITY_LIGHTMAP_FULL_HDR ok=1
Cmd: compileSnippet
  api=4 type=0 insize=10545 outsize=978 kw=ETC1_EXTERNAL_ALPHA USE_SHAPE_LIGHT_TYPE_0 pd=UNITY_ENABLE_REFLECTION_BUFFERS UNITY_USE_DITHER_MASK_FOR_ALPHABLENDED_SHADOWS UNITY_PBS_USE_BRDF1 UNITY_SPECCUBE_BOX_PROJECTION UNITY_SPECCUBE_BLENDING UNITY_ENABLE_DETAIL_NORMALMAP SHADER_API_DESKTOP UNITY_COLORSPACE_GAMMA UNITY_LIGHT_PROBE_PROXY_VOLUME UNITY_LIGHTMAP_FULL_HDR ok=1
Cmd: compileSnippet
  api=4 type=1 insize=10545 outsize=1230 kw=ETC1_EXTERNAL_ALPHA USE_SHAPE_LIGHT_TYPE_0 pd=UNITY_ENABLE_REFLECTION_BUFFERS UNITY_USE_DITHER_MASK_FOR_ALPHABLENDED_SHADOWS UNITY_PBS_USE_BRDF1 UNITY_SPECCUBE_BOX_PROJECTION UNITY_SPECCUBE_BLENDING UNITY_ENABLE_DETAIL_NORMALMAP SHADER_API_DESKTOP UNITY_COLORSPACE_GAMMA UNITY_LIGHT_PROBE_PROXY_VOLUME UNITY_LIGHTMAP_FULL_HDR ok=1
Cmd: preprocess
  insize=811 outsize=209 ok=1
Cmd: preprocess
  insize=811 outsize=209 ok=1
Cmd: preprocess
  insize=811 outsize=209 ok=1
Cmd: preprocess
  insize=811 outsize=209 ok=1
Cmd: preprocess
  insize=811 outsize=209 ok=1
Cmd: preprocess
  insize=811 outsize=209 ok=1
Cmd: preprocess
  insize=811 outsize=209 ok=1
Cmd: preprocess
  insize=811 outsize=209 ok=1
Cmd: preprocess
  insize=811 outsize=209 ok=1
Cmd: preprocess
  insize=811 outsize=209 ok=1
Cmd: preprocess
  insize=36182 outsize=1987 ok=1
Cmd: preprocess
  insize=3945 outsize=535 ok=1
Cmd: preprocess
  insize=3947 outsize=536 ok=1
Cmd: preprocess
  insize=4241 outsize=528 ok=1
Cmd: preprocess
  insize=5243 outsize=523 ok=1
Cmd: preprocess
  insize=4459 outsize=529 ok=1
Cmd: preprocess
  insize=811 outsize=209 ok=1
Cmd: preprocess
  insize=811 outsize=209 ok=1
Cmd: preprocess
  insize=811 outsize=209 ok=1
Cmd: preprocess
  insize=811 outsize=209 ok=1
Cmd: preprocess
  insize=811 outsize=209 ok=1
Cmd: preprocess
  insize=32718 outsize=1848 ok=1
Cmd: preprocess
  insize=3793 outsize=398 ok=1
Cmd: preprocess
  insize=4091 outsize=391 ok=1
Cmd: preprocess
  insize=32548 outsize=1849 ok=1
Cmd: preprocess
  insize=31624 outsize=1857 ok=1
Cmd: compileSnippet
  api=4 type=0 insize=10490 outsize=978 kw=USE_SHAPE_LIGHT_TYPE_0 pd=UNITY_ENABLE_REFLECTION_BUFFERS UNITY_USE_DITHER_MASK_FOR_ALPHABLENDED_SHADOWS UNITY_PBS_USE_BRDF1 UNITY_SPECCUBE_BOX_PROJECTION UNITY_SPECCUBE_BLENDING UNITY_ENABLE_DETAIL_NORMALMAP SHADER_API_DESKTOP UNITY_COLORSPACE_GAMMA UNITY_LIGHT_PROBE_PROXY_VOLUME UNITY_LIGHTMAP_FULL_HDR ok=1
Cmd: compileSnippet
  api=4 type=1 insize=10490 outsize=1206 kw=USE_SHAPE_LIGHT_TYPE_0 pd=UNITY_ENABLE_REFLECTION_BUFFERS UNITY_USE_DITHER_MASK_FOR_ALPHABLENDED_SHADOWS UNITY_PBS_USE_BRDF1 UNITY_SPECCUBE_BOX_PROJECTION UNITY_SPECCUBE_BLENDING UNITY_ENABLE_DETAIL_NORMALMAP SHADER_API_DESKTOP UNITY_COLORSPACE_GAMMA UNITY_LIGHT_PROBE_PROXY_VOLUME UNITY_LIGHTMAP_FULL_HDR ok=1
Cmd: preprocess
  insize=3697 outsize=397 ok=1
Cmd: preprocess
  insize=3995 outsize=391 ok=1
Cmd: preprocess
  insize=32236 outsize=1849 ok=1
Cmd: preprocess
  insize=3793 outsize=398 ok=1
Cmd: preprocess
  insize=4091 outsize=391 ok=1
Cmd: preprocess
  insize=32548 outsize=1849 ok=1
Cmd: preprocess
  insize=3697 outsize=397 ok=1
Cmd: preprocess
  insize=3995 outsize=391 ok=1
Cmd: preprocess
  insize=32236 outsize=1849 ok=1
Cmd: preprocess
  insize=3697 outsize=397 ok=1
Cmd: preprocess
  insize=3995 outsize=391 ok=1
Cmd: preprocess
  insize=32236 outsize=1849 ok=1
Cmd: preprocess
  insize=3796 outsize=398 ok=1
Cmd: preprocess
  insize=4094 outsize=391 ok=1
Cmd: preprocess
  insize=32557 outsize=1848 ok=1
Cmd: preprocess
  insize=3793 outsize=398 ok=1
Cmd: preprocess
  insize=4091 outsize=391 ok=1
Cmd: preprocess
  insize=32548 outsize=1849 ok=1
Cmd: preprocess
  insize=31624 outsize=1857 ok=1
Cmd: preprocess
  insize=35102 outsize=1996 ok=1
Cmd: preprocess
  insize=35108 outsize=2002 ok=1
Cmd: preprocess
  insize=811 outsize=209 ok=1
Cmd: preprocess
  insize=811 outsize=209 ok=1
Cmd: preprocess
  insize=811 outsize=209 ok=1
Cmd: preprocess
  insize=811 outsize=209 ok=1
Cmd: preprocess
  insize=811 outsize=209 ok=1
Cmd: preprocess
  insize=811 outsize=209 ok=1
Cmd: preprocess
  insize=811 outsize=209 ok=1
Cmd: preprocess
  insize=811 outsize=209 ok=1
Cmd: preprocess
  insize=811 outsize=209 ok=1
Cmd: preprocess
  insize=811 outsize=209 ok=1
Cmd: preprocess
  insize=36182 outsize=1987 ok=1
Cmd: preprocess
  insize=3945 outsize=535 ok=1
Cmd: preprocess
  insize=3947 outsize=536 ok=1
Cmd: preprocess
  insize=4241 outsize=528 ok=1
Cmd: preprocess
  insize=5243 outsize=523 ok=1
Cmd: preprocess
  insize=4459 outsize=529 ok=1
Cmd: preprocess
  insize=3493 outsize=527 ok=1
Cmd: preprocess
  insize=3711 outsize=528 ok=1
Cmd: preprocess
  insize=4713 outsize=524 ok=1
Cmd: preprocess
  insize=34448 outsize=1986 ok=1
Cmd: preprocess
  insize=3495 outsize=529 ok=1
Cmd: preprocess
  insize=4511 outsize=524 ok=1
Cmd: preprocess
  insize=33770 outsize=1987 ok=1
Cmd: preprocess
  insize=3531 outsize=529 ok=1
Cmd: preprocess
  insize=4533 outsize=524 ok=1
Cmd: preprocess
  insize=33836 outsize=1986 ok=1
Cmd: preprocess
  insize=4184 outsize=524 ok=1
Cmd: preprocess
  insize=32585 outsize=1986 ok=1
Cmd: preprocess
  insize=4211 outsize=524 ok=1
Cmd: preprocess
  insize=32666 outsize=1987 ok=1
Cmd: preprocess
  insize=29630 outsize=1987 ok=1
Cmd: preprocess
  insize=811 outsize=209 ok=1
Cmd: preprocess
  insize=3469 outsize=529 ok=1
Cmd: preprocess
  insize=4222 outsize=529 ok=1
Cmd: preprocess
  insize=4239 outsize=529 ok=1
Cmd: preprocess
  insize=32910 outsize=1987 ok=1
Cmd: preprocess
  insize=4041 outsize=536 ok=1
Cmd: preprocess
  insize=4335 outsize=529 ok=1
Cmd: preprocess
  insize=33222 outsize=1987 ok=1
Cmd: preprocess
  insize=811 outsize=209 ok=1
Cmd: preprocess
  insize=811 outsize=209 ok=1
Cmd: preprocess
  insize=811 outsize=209 ok=1
Cmd: preprocess
  insize=811 outsize=209 ok=1
Cmd: preprocess
  insize=811 outsize=209 ok=1
Cmd: preprocess
  insize=811 outsize=209 ok=1
Cmd: preprocess
  insize=33222 outsize=1987 ok=1
Cmd: preprocess
  insize=4041 outsize=536 ok=1
Cmd: preprocess
  insize=4335 outsize=529 ok=1
Cmd: preprocess
  insize=811 outsize=209 ok=1
Cmd: preprocess
  insize=811 outsize=209 ok=1
Cmd: preprocess
  insize=811 outsize=209 ok=1
Cmd: preprocess
  insize=811 outsize=209 ok=1
Cmd: preprocess
  insize=811 outsize=209 ok=1
Cmd: preprocess
  insize=811 outsize=209 ok=1
Cmd: preprocess
  insize=32910 outsize=1987 ok=1
Cmd: preprocess
  insize=3945 outsize=535 ok=1
Cmd: preprocess
  insize=4239 outsize=529 ok=1
Cmd: preprocess
  insize=811 outsize=209 ok=1
Cmd: preprocess
  insize=811 outsize=209 ok=1
Cmd: preprocess
  insize=811 outsize=209 ok=1
Cmd: preprocess
  insize=811 outsize=209 ok=1
Cmd: preprocess
  insize=811 outsize=209 ok=1
Cmd: preprocess
  insize=811 outsize=209 ok=1
Cmd: preprocess
  insize=32910 outsize=1987 ok=1
Cmd: preprocess
  insize=3945 outsize=535 ok=1
Cmd: preprocess
  insize=4239 outsize=529 ok=1
Cmd: preprocess
  insize=811 outsize=209 ok=1
Cmd: preprocess
  insize=811 outsize=209 ok=1
Cmd: preprocess
  insize=811 outsize=209 ok=1
Cmd: preprocess
  insize=811 outsize=209 ok=1
Cmd: preprocess
  insize=811 outsize=209 ok=1
Cmd: preprocess
  insize=811 outsize=209 ok=1
Cmd: preprocess
  insize=29630 outsize=1987 ok=1
Cmd: preprocess
  insize=3945 outsize=535 ok=1
Cmd: preprocess
  insize=4239 outsize=529 ok=1
Cmd: preprocess
  insize=811 outsize=209 ok=1
Cmd: preprocess
  insize=811 outsize=209 ok=1
Cmd: preprocess
  insize=811 outsize=209 ok=1
Cmd: preprocess
  insize=811 outsize=209 ok=1
Cmd: preprocess
  insize=811 outsize=209 ok=1
Cmd: preprocess
  insize=811 outsize=209 ok=1
Cmd: preprocess
  insize=29630 outsize=1987 ok=1
Cmd: preprocess
  insize=3945 outsize=535 ok=1
Cmd: preprocess
  insize=3469 outsize=529 ok=1
Cmd: preprocess
  insize=811 outsize=209 ok=1
Cmd: preprocess
  insize=811 outsize=209 ok=1
Cmd: preprocess
  insize=811 outsize=209 ok=1
Cmd: preprocess
  insize=811 outsize=209 ok=1
Cmd: preprocess
  insize=811 outsize=209 ok=1
Cmd: preprocess
  insize=29630 outsize=1987 ok=1
Cmd: preprocess
  insize=3945 outsize=535 ok=1
Cmd: preprocess
  insize=811 outsize=209 ok=1
Cmd: preprocess
  insize=811 outsize=209 ok=1
Cmd: preprocess
  insize=811 outsize=209 ok=1
Cmd: preprocess
  insize=811 outsize=209 ok=1
Cmd: preprocess
  insize=811 outsize=209 ok=1
Cmd: preprocess
  insize=811 outsize=209 ok=1
Cmd: preprocess
  insize=32666 outsize=1987 ok=1
Cmd: preprocess
  insize=3945 outsize=535 ok=1
Cmd: preprocess
  insize=4211 outsize=524 ok=1
Cmd: preprocess
  insize=811 outsize=209 ok=1
Cmd: preprocess
  insize=811 outsize=209 ok=1
Cmd: preprocess
  insize=811 outsize=209 ok=1
Cmd: preprocess
  insize=811 outsize=209 ok=1
Cmd: preprocess
  insize=811 outsize=209 ok=1
Cmd: preprocess
  insize=811 outsize=209 ok=1
Cmd: preprocess
  insize=32666 outsize=1987 ok=1
Cmd: preprocess
  insize=3945 outsize=535 ok=1
Cmd: preprocess
  insize=4211 outsize=524 ok=1
Cmd: preprocess
  insize=29630 outsize=1987 ok=1
Cmd: preprocess
  insize=811 outsize=209 ok=1
Cmd: preprocess
  insize=3469 outsize=529 ok=1
Cmd: preprocess
  insize=29822 outsize=1987 ok=1
Cmd: preprocess
  insize=30361 outsize=1987 ok=1
Cmd: preprocess
  insize=4222 outsize=529 ok=1
Cmd: preprocess
  insize=32689 outsize=1986 ok=1
Cmd: preprocess
  insize=4239 outsize=529 ok=1
Cmd: preprocess
  insize=32740 outsize=1987 ok=1
Cmd: preprocess
  insize=4222 outsize=529 ok=1
Cmd: preprocess
  insize=32689 outsize=1986 ok=1
Cmd: preprocess
  insize=811 outsize=209 ok=1
Cmd: preprocess
  insize=4239 outsize=529 ok=1
Cmd: preprocess
  insize=32740 outsize=1987 ok=1
Cmd: preprocess
  insize=4028 outsize=523 ok=1
Cmd: preprocess
  insize=4322 outsize=516 ok=1
Cmd: preprocess
  insize=33039 outsize=1973 ok=1
Cmd: preprocess
  insize=32863 outsize=1973 ok=1
Cmd: preprocess
  insize=33039 outsize=1973 ok=1
Cmd: preprocess
  insize=33209 outsize=1974 ok=1
Cmd: preprocess
  insize=33033 outsize=1972 ok=1
Cmd: preprocess
  insize=33209 outsize=1974 ok=1
Cmd: preprocess
  insize=33039 outsize=1973 ok=1
Cmd: preprocess
  insize=33209 outsize=1974 ok=1
Cmd: preprocess
  insize=4297 outsize=508 ok=1
Cmd: preprocess
  insize=33150 outsize=1966 ok=1
Cmd: preprocess
  insize=3924 outsize=514 ok=1
Cmd: preprocess
  insize=4201 outsize=508 ok=1
Cmd: preprocess
  insize=32838 outsize=1965 ok=1
Cmd: preprocess
  insize=31661 outsize=1981 ok=1
Cmd: compileSnippet
  api=4 type=0 insize=10498 outsize=978 kw=USE_SHAPE_LIGHT_TYPE_0 pd=UNITY_ENABLE_REFLECTION_BUFFERS UNITY_USE_DITHER_MASK_FOR_ALPHABLENDED_SHADOWS UNITY_PBS_USE_BRDF1 UNITY_SPECCUBE_BOX_PROJECTION UNITY_SPECCUBE_BLENDING UNITY_ENABLE_DETAIL_NORMALMAP SHADER_API_DESKTOP UNITY_COLORSPACE_GAMMA UNITY_LIGHT_PROBE_PROXY_VOLUME UNITY_LIGHTMAP_FULL_HDR ok=1
Cmd: compileSnippet
  api=4 type=1 insize=10498 outsize=1006 kw=USE_SHAPE_LIGHT_TYPE_0 pd=UNITY_ENABLE_REFLECTION_BUFFERS UNITY_USE_DITHER_MASK_FOR_ALPHABLENDED_SHADOWS UNITY_PBS_USE_BRDF1 UNITY_SPECCUBE_BOX_PROJECTION UNITY_SPECCUBE_BLENDING UNITY_ENABLE_DETAIL_NORMALMAP SHADER_API_DESKTOP UNITY_COLORSPACE_GAMMA UNITY_LIGHT_PROBE_PROXY_VOLUME UNITY_LIGHTMAP_FULL_HDR ok=1
Cmd: preprocess
  insize=29609 outsize=1966 ok=1
Cmd: preprocess
  insize=31881 outsize=1965 ok=1
Cmd: preprocess
  insize=30848 outsize=1980 ok=1
Cmd: compileSnippet
  api=4 type=0 insize=10227 outsize=978 kw=USE_SHAPE_LIGHT_TYPE_0 pd=UNITY_ENABLE_REFLECTION_BUFFERS UNITY_USE_DITHER_MASK_FOR_ALPHABLENDED_SHADOWS UNITY_PBS_USE_BRDF1 UNITY_SPECCUBE_BOX_PROJECTION UNITY_SPECCUBE_BLENDING UNITY_ENABLE_DETAIL_NORMALMAP SHADER_API_DESKTOP UNITY_COLORSPACE_GAMMA UNITY_LIGHT_PROBE_PROXY_VOLUME UNITY_LIGHTMAP_FULL_HDR ok=1
Cmd: compileSnippet
  api=4 type=1 insize=10227 outsize=978 kw=USE_SHAPE_LIGHT_TYPE_0 pd=UNITY_ENABLE_REFLECTION_BUFFERS UNITY_USE_DITHER_MASK_FOR_ALPHABLENDED_SHADOWS UNITY_PBS_USE_BRDF1 UNITY_SPECCUBE_BOX_PROJECTION UNITY_SPECCUBE_BLENDING UNITY_ENABLE_DETAIL_NORMALMAP SHADER_API_DESKTOP UNITY_COLORSPACE_GAMMA UNITY_LIGHT_PROBE_PROXY_VOLUME UNITY_LIGHTMAP_FULL_HDR ok=1
